{"/home/awamleh/401/data-Structured/ll.js": {"path":"/home/awamleh/401/data-Structured/ll.js","statementMap":{"0":{"start":{"line":2,"column":13},"end":{"line":2,"column":30}},"1":{"start":{"line":5,"column":4},"end":{"line":5,"column":20}},"2":{"start":{"line":8,"column":17},"end":{"line":8,"column":30}},"3":{"start":{"line":9,"column":4},"end":{"line":14,"column":5}},"4":{"start":{"line":10,"column":6},"end":{"line":10,"column":22}},"5":{"start":{"line":12,"column":6},"end":{"line":12,"column":27}},"6":{"start":{"line":13,"column":6},"end":{"line":13,"column":22}},"7":{"start":{"line":17,"column":17},"end":{"line":17,"column":32}},"8":{"start":{"line":18,"column":4},"end":{"line":26,"column":5}},"9":{"start":{"line":19,"column":24},"end":{"line":19,"column":33}},"10":{"start":{"line":20,"column":6},"end":{"line":22,"column":7}},"11":{"start":{"line":21,"column":8},"end":{"line":21,"column":39}},"12":{"start":{"line":23,"column":6},"end":{"line":23,"column":37}},"13":{"start":{"line":25,"column":6},"end":{"line":25,"column":30}},"14":{"start":{"line":29,"column":16},"end":{"line":29,"column":17}},"15":{"start":{"line":30,"column":15},"end":{"line":30,"column":24}},"16":{"start":{"line":31,"column":4},"end":{"line":34,"column":5}},"17":{"start":{"line":32,"column":6},"end":{"line":32,"column":14}},"18":{"start":{"line":33,"column":6},"end":{"line":33,"column":23}},"19":{"start":{"line":35,"column":4},"end":{"line":35,"column":17}},"20":{"start":{"line":39,"column":4},"end":{"line":64,"column":5}},"21":{"start":{"line":40,"column":6},"end":{"line":40,"column":23}},"22":{"start":{"line":41,"column":6},"end":{"line":41,"column":13}},"23":{"start":{"line":42,"column":11},"end":{"line":64,"column":5}},"24":{"start":{"line":43,"column":6},"end":{"line":43,"column":28}},"25":{"start":{"line":44,"column":6},"end":{"line":44,"column":13}},"26":{"start":{"line":45,"column":11},"end":{"line":64,"column":5}},"27":{"start":{"line":46,"column":19},"end":{"line":46,"column":34}},"28":{"start":{"line":47,"column":18},"end":{"line":47,"column":27}},"29":{"start":{"line":48,"column":6},"end":{"line":51,"column":7}},"30":{"start":{"line":49,"column":8},"end":{"line":49,"column":27}},"31":{"start":{"line":50,"column":8},"end":{"line":50,"column":16}},"32":{"start":{"line":52,"column":6},"end":{"line":52,"column":35}},"33":{"start":{"line":53,"column":6},"end":{"line":53,"column":13}},"34":{"start":{"line":54,"column":11},"end":{"line":64,"column":5}},"35":{"start":{"line":55,"column":18},"end":{"line":55,"column":41}},"36":{"start":{"line":56,"column":18},"end":{"line":56,"column":27}},"37":{"start":{"line":57,"column":6},"end":{"line":60,"column":7}},"38":{"start":{"line":58,"column":8},"end":{"line":58,"column":27}},"39":{"start":{"line":59,"column":8},"end":{"line":59,"column":16}},"40":{"start":{"line":61,"column":6},"end":{"line":61,"column":35}},"41":{"start":{"line":63,"column":6},"end":{"line":63,"column":13}},"42":{"start":{"line":67,"column":4},"end":{"line":82,"column":5}},"43":{"start":{"line":68,"column":24},"end":{"line":68,"column":33}},"44":{"start":{"line":69,"column":14},"end":{"line":69,"column":15}},"45":{"start":{"line":70,"column":6},"end":{"line":73,"column":7}},"46":{"start":{"line":71,"column":8},"end":{"line":71,"column":39}},"47":{"start":{"line":72,"column":8},"end":{"line":72,"column":12}},"48":{"start":{"line":74,"column":19},"end":{"line":74,"column":28}},"49":{"start":{"line":75,"column":6},"end":{"line":77,"column":7}},"50":{"start":{"line":75,"column":19},"end":{"line":75,"column":20}},"51":{"start":{"line":76,"column":8},"end":{"line":76,"column":29}},"52":{"start":{"line":78,"column":6},"end":{"line":78,"column":25}},"53":{"start":{"line":79,"column":6},"end":{"line":79,"column":20}},"54":{"start":{"line":81,"column":6},"end":{"line":81,"column":23}},"55":{"start":{"line":85,"column":15},"end":{"line":85,"column":30}},"56":{"start":{"line":86,"column":4},"end":{"line":95,"column":5}},"57":{"start":{"line":87,"column":6},"end":{"line":87,"column":23}},"58":{"start":{"line":89,"column":20},"end":{"line":89,"column":29}},"59":{"start":{"line":90,"column":6},"end":{"line":92,"column":7}},"60":{"start":{"line":90,"column":19},"end":{"line":90,"column":20}},"61":{"start":{"line":91,"column":8},"end":{"line":91,"column":31}},"62":{"start":{"line":93,"column":6},"end":{"line":93,"column":31}},"63":{"start":{"line":94,"column":6},"end":{"line":94,"column":26}},"64":{"start":{"line":98,"column":16},"end":{"line":98,"column":25}},"65":{"start":{"line":99,"column":4},"end":{"line":101,"column":5}},"66":{"start":{"line":100,"column":6},"end":{"line":100,"column":25}},"67":{"start":{"line":104,"column":4},"end":{"line":109,"column":5}},"68":{"start":{"line":105,"column":6},"end":{"line":105,"column":33}},"69":{"start":{"line":106,"column":6},"end":{"line":106,"column":25}},"70":{"start":{"line":108,"column":6},"end":{"line":108,"column":35}},"71":{"start":{"line":117,"column":0},"end":{"line":117,"column":27}}},"fnMap":{"0":{"name":"(anonymous_0)","decl":{"start":{"line":4,"column":2},"end":{"line":4,"column":3}},"loc":{"start":{"line":4,"column":16},"end":{"line":6,"column":3}},"line":4},"1":{"name":"(anonymous_1)","decl":{"start":{"line":7,"column":2},"end":{"line":7,"column":3}},"loc":{"start":{"line":7,"column":14},"end":{"line":15,"column":3}},"line":7},"2":{"name":"(anonymous_2)","decl":{"start":{"line":16,"column":2},"end":{"line":16,"column":3}},"loc":{"start":{"line":16,"column":16},"end":{"line":27,"column":3}},"line":16},"3":{"name":"(anonymous_3)","decl":{"start":{"line":28,"column":2},"end":{"line":28,"column":3}},"loc":{"start":{"line":28,"column":9},"end":{"line":36,"column":3}},"line":28},"4":{"name":"(anonymous_4)","decl":{"start":{"line":38,"column":2},"end":{"line":38,"column":3}},"loc":{"start":{"line":38,"column":21},"end":{"line":65,"column":3}},"line":38},"5":{"name":"(anonymous_5)","decl":{"start":{"line":66,"column":2},"end":{"line":66,"column":3}},"loc":{"start":{"line":66,"column":18},"end":{"line":83,"column":3}},"line":66},"6":{"name":"(anonymous_6)","decl":{"start":{"line":84,"column":2},"end":{"line":84,"column":3}},"loc":{"start":{"line":84,"column":28},"end":{"line":96,"column":3}},"line":84},"7":{"name":"(anonymous_7)","decl":{"start":{"line":97,"column":2},"end":{"line":97,"column":3}},"loc":{"start":{"line":97,"column":12},"end":{"line":102,"column":3}},"line":97},"8":{"name":"(anonymous_8)","decl":{"start":{"line":103,"column":2},"end":{"line":103,"column":3}},"loc":{"start":{"line":103,"column":16},"end":{"line":110,"column":3}},"line":103}},"branchMap":{"0":{"loc":{"start":{"line":9,"column":4},"end":{"line":14,"column":5}},"type":"if","locations":[{"start":{"line":9,"column":4},"end":{"line":14,"column":5}},{"start":{"line":11,"column":11},"end":{"line":14,"column":5}}],"line":9},"1":{"loc":{"start":{"line":18,"column":4},"end":{"line":26,"column":5}},"type":"if","locations":[{"start":{"line":18,"column":4},"end":{"line":26,"column":5}},{"start":{"line":24,"column":11},"end":{"line":26,"column":5}}],"line":18},"2":{"loc":{"start":{"line":39,"column":4},"end":{"line":64,"column":5}},"type":"if","locations":[{"start":{"line":39,"column":4},"end":{"line":64,"column":5}},{"start":{"line":42,"column":11},"end":{"line":64,"column":5}}],"line":39},"3":{"loc":{"start":{"line":42,"column":11},"end":{"line":64,"column":5}},"type":"if","locations":[{"start":{"line":42,"column":11},"end":{"line":64,"column":5}},{"start":{"line":45,"column":11},"end":{"line":64,"column":5}}],"line":42},"4":{"loc":{"start":{"line":45,"column":11},"end":{"line":64,"column":5}},"type":"if","locations":[{"start":{"line":45,"column":11},"end":{"line":64,"column":5}},{"start":{"line":54,"column":11},"end":{"line":64,"column":5}}],"line":45},"5":{"loc":{"start":{"line":45,"column":15},"end":{"line":45,"column":55}},"type":"binary-expr","locations":[{"start":{"line":45,"column":15},"end":{"line":45,"column":30}},{"start":{"line":45,"column":34},"end":{"line":45,"column":55}}],"line":45},"6":{"loc":{"start":{"line":54,"column":11},"end":{"line":64,"column":5}},"type":"if","locations":[{"start":{"line":54,"column":11},"end":{"line":64,"column":5}},{"start":{"line":62,"column":11},"end":{"line":64,"column":5}}],"line":54},"7":{"loc":{"start":{"line":54,"column":15},"end":{"line":54,"column":55}},"type":"binary-expr","locations":[{"start":{"line":54,"column":15},"end":{"line":54,"column":30}},{"start":{"line":54,"column":34},"end":{"line":54,"column":55}}],"line":54},"8":{"loc":{"start":{"line":67,"column":4},"end":{"line":82,"column":5}},"type":"if","locations":[{"start":{"line":67,"column":4},"end":{"line":82,"column":5}},{"start":{"line":80,"column":11},"end":{"line":82,"column":5}}],"line":67},"9":{"loc":{"start":{"line":86,"column":4},"end":{"line":95,"column":5}},"type":"if","locations":[{"start":{"line":86,"column":4},"end":{"line":95,"column":5}},{"start":{"line":88,"column":11},"end":{"line":95,"column":5}}],"line":86},"10":{"loc":{"start":{"line":104,"column":4},"end":{"line":109,"column":5}},"type":"if","locations":[{"start":{"line":104,"column":4},"end":{"line":109,"column":5}},{"start":{"line":107,"column":11},"end":{"line":109,"column":5}}],"line":104}},"s":{"0":3,"1":22,"2":12,"3":12,"4":6,"5":6,"6":6,"7":26,"8":26,"9":16,"10":16,"11":7,"12":16,"13":10,"14":14,"15":14,"16":14,"17":42,"18":42,"19":14,"20":2,"21":0,"22":0,"23":2,"24":0,"25":0,"26":2,"27":0,"28":0,"29":0,"30":0,"31":0,"32":0,"33":0,"34":2,"35":2,"36":2,"37":2,"38":0,"39":0,"40":2,"41":0,"42":4,"43":4,"44":4,"45":4,"46":1,"47":1,"48":4,"49":4,"50":4,"51":0,"52":4,"53":4,"54":0,"55":2,"56":2,"57":0,"58":2,"59":2,"60":2,"61":0,"62":2,"63":2,"64":0,"65":0,"66":0,"67":2,"68":2,"69":2,"70":0,"71":3},"f":{"0":22,"1":12,"2":26,"3":14,"4":2,"5":4,"6":2,"7":0,"8":2},"b":{"0":[6,6],"1":[16,10],"2":[0,2],"3":[0,2],"4":[0,2],"5":[2,2],"6":[2,0],"7":[2,2],"8":[4,0],"9":[0,2],"10":[2,0]},"_coverageSchema":"1a1c01bbd47fc00a2c39e90264f33305004495a9","hash":"4c1bac34fb5b1adc7ab13926596f86e7eb4272a2"}
,"/home/awamleh/401/data-Structured/node.js": {"path":"/home/awamleh/401/data-Structured/node.js","statementMap":{"0":{"start":{"line":5,"column":4},"end":{"line":5,"column":23}},"1":{"start":{"line":6,"column":4},"end":{"line":6,"column":21}},"2":{"start":{"line":10,"column":0},"end":{"line":10,"column":21}}},"fnMap":{"0":{"name":"(anonymous_0)","decl":{"start":{"line":4,"column":2},"end":{"line":4,"column":3}},"loc":{"start":{"line":4,"column":34},"end":{"line":7,"column":3}},"line":4}},"branchMap":{"0":{"loc":{"start":{"line":4,"column":21},"end":{"line":4,"column":32}},"type":"default-arg","locations":[{"start":{"line":4,"column":28},"end":{"line":4,"column":32}}],"line":4}},"s":{"0":41,"1":41,"2":4},"f":{"0":41},"b":{"0":[41]},"_coverageSchema":"1a1c01bbd47fc00a2c39e90264f33305004495a9","hash":"51f349283c8b50f2b8c4618d98e026495adf5228"}
,"/home/awamleh/401/data-Structured/Stack/stack.js": {"path":"/home/awamleh/401/data-Structured/Stack/stack.js","statementMap":{"0":{"start":{"line":1,"column":19},"end":{"line":1,"column":35}},"1":{"start":{"line":4,"column":4},"end":{"line":4,"column":36}},"2":{"start":{"line":5,"column":4},"end":{"line":5,"column":19}},"3":{"start":{"line":8,"column":4},"end":{"line":8,"column":42}},"4":{"start":{"line":11,"column":4},"end":{"line":15,"column":5}},"5":{"start":{"line":12,"column":6},"end":{"line":12,"column":52}},"6":{"start":{"line":14,"column":6},"end":{"line":14,"column":32}},"7":{"start":{"line":18,"column":4},"end":{"line":22,"column":5}},"8":{"start":{"line":19,"column":6},"end":{"line":19,"column":28}},"9":{"start":{"line":21,"column":6},"end":{"line":21,"column":32}},"10":{"start":{"line":25,"column":4},"end":{"line":29,"column":5}},"11":{"start":{"line":26,"column":6},"end":{"line":26,"column":15}},"12":{"start":{"line":28,"column":6},"end":{"line":28,"column":15}},"13":{"start":{"line":33,"column":0},"end":{"line":33,"column":22}}},"fnMap":{"0":{"name":"(anonymous_0)","decl":{"start":{"line":3,"column":2},"end":{"line":3,"column":3}},"loc":{"start":{"line":3,"column":16},"end":{"line":6,"column":3}},"line":3},"1":{"name":"(anonymous_1)","decl":{"start":{"line":7,"column":2},"end":{"line":7,"column":3}},"loc":{"start":{"line":7,"column":14},"end":{"line":9,"column":3}},"line":7},"2":{"name":"(anonymous_2)","decl":{"start":{"line":10,"column":2},"end":{"line":10,"column":3}},"loc":{"start":{"line":10,"column":8},"end":{"line":16,"column":3}},"line":10},"3":{"name":"(anonymous_3)","decl":{"start":{"line":17,"column":2},"end":{"line":17,"column":3}},"loc":{"start":{"line":17,"column":9},"end":{"line":23,"column":3}},"line":17},"4":{"name":"(anonymous_4)","decl":{"start":{"line":24,"column":2},"end":{"line":24,"column":3}},"loc":{"start":{"line":24,"column":12},"end":{"line":30,"column":3}},"line":24}},"branchMap":{"0":{"loc":{"start":{"line":11,"column":4},"end":{"line":15,"column":5}},"type":"if","locations":[{"start":{"line":11,"column":4},"end":{"line":15,"column":5}},{"start":{"line":13,"column":11},"end":{"line":15,"column":5}}],"line":11},"1":{"loc":{"start":{"line":18,"column":4},"end":{"line":22,"column":5}},"type":"if","locations":[{"start":{"line":18,"column":4},"end":{"line":22,"column":5}},{"start":{"line":20,"column":11},"end":{"line":22,"column":5}}],"line":18},"2":{"loc":{"start":{"line":25,"column":4},"end":{"line":29,"column":5}},"type":"if","locations":[{"start":{"line":25,"column":4},"end":{"line":29,"column":5}},{"start":{"line":27,"column":11},"end":{"line":29,"column":5}}],"line":25}},"s":{"0":1,"1":5,"2":5,"3":5,"4":2,"5":2,"6":0,"7":1,"8":1,"9":0,"10":1,"11":0,"12":1,"13":1},"f":{"0":5,"1":5,"2":2,"3":1,"4":1},"b":{"0":[2,0],"1":[1,0],"2":[0,1]},"_coverageSchema":"1a1c01bbd47fc00a2c39e90264f33305004495a9","hash":"cfa306bffa7562fa8ee3a3b628d4b3c481569276"}
,"/home/awamleh/401/data-Structured/queue/queue.js": {"path":"/home/awamleh/401/data-Structured/queue/queue.js","statementMap":{"0":{"start":{"line":3,"column":19},"end":{"line":3,"column":35}},"1":{"start":{"line":8,"column":4},"end":{"line":8,"column":36}},"2":{"start":{"line":9,"column":4},"end":{"line":9,"column":19}},"3":{"start":{"line":12,"column":4},"end":{"line":12,"column":31}},"4":{"start":{"line":13,"column":4},"end":{"line":13,"column":32}},"5":{"start":{"line":16,"column":4},"end":{"line":16,"column":42}},"6":{"start":{"line":19,"column":4},"end":{"line":23,"column":5}},"7":{"start":{"line":20,"column":6},"end":{"line":20,"column":28}},"8":{"start":{"line":22,"column":6},"end":{"line":22,"column":29}},"9":{"start":{"line":26,"column":4},"end":{"line":30,"column":5}},"10":{"start":{"line":27,"column":6},"end":{"line":27,"column":15}},"11":{"start":{"line":29,"column":6},"end":{"line":29,"column":15}},"12":{"start":{"line":36,"column":0},"end":{"line":36,"column":22}}},"fnMap":{"0":{"name":"(anonymous_0)","decl":{"start":{"line":7,"column":2},"end":{"line":7,"column":3}},"loc":{"start":{"line":7,"column":16},"end":{"line":10,"column":3}},"line":7},"1":{"name":"(anonymous_1)","decl":{"start":{"line":11,"column":2},"end":{"line":11,"column":3}},"loc":{"start":{"line":11,"column":17},"end":{"line":14,"column":3}},"line":11},"2":{"name":"(anonymous_2)","decl":{"start":{"line":15,"column":2},"end":{"line":15,"column":3}},"loc":{"start":{"line":15,"column":12},"end":{"line":17,"column":3}},"line":15},"3":{"name":"(anonymous_3)","decl":{"start":{"line":18,"column":2},"end":{"line":18,"column":3}},"loc":{"start":{"line":18,"column":9},"end":{"line":24,"column":3}},"line":18},"4":{"name":"(anonymous_4)","decl":{"start":{"line":25,"column":2},"end":{"line":25,"column":3}},"loc":{"start":{"line":25,"column":12},"end":{"line":31,"column":3}},"line":25}},"branchMap":{"0":{"loc":{"start":{"line":19,"column":4},"end":{"line":23,"column":5}},"type":"if","locations":[{"start":{"line":19,"column":4},"end":{"line":23,"column":5}},{"start":{"line":21,"column":11},"end":{"line":23,"column":5}}],"line":19},"1":{"loc":{"start":{"line":26,"column":4},"end":{"line":30,"column":5}},"type":"if","locations":[{"start":{"line":26,"column":4},"end":{"line":30,"column":5}},{"start":{"line":28,"column":11},"end":{"line":30,"column":5}}],"line":26}},"s":{"0":1,"1":5,"2":5,"3":9,"4":9,"5":2,"6":1,"7":1,"8":0,"9":1,"10":0,"11":1,"12":1},"f":{"0":5,"1":9,"2":2,"3":1,"4":1},"b":{"0":[1,0],"1":[0,1]},"_coverageSchema":"1a1c01bbd47fc00a2c39e90264f33305004495a9","hash":"c7e761862761a5024fb9b9749c337509a88ba35f"}
}
