{"/home/awamleh/401/data-Structured/ll.js": {"path":"/home/awamleh/401/data-Structured/ll.js","statementMap":{"0":{"start":{"line":2,"column":13},"end":{"line":2,"column":30}},"1":{"start":{"line":5,"column":4},"end":{"line":5,"column":20}},"2":{"start":{"line":8,"column":17},"end":{"line":8,"column":30}},"3":{"start":{"line":9,"column":4},"end":{"line":14,"column":5}},"4":{"start":{"line":10,"column":6},"end":{"line":10,"column":22}},"5":{"start":{"line":12,"column":6},"end":{"line":12,"column":27}},"6":{"start":{"line":13,"column":6},"end":{"line":13,"column":22}},"7":{"start":{"line":17,"column":17},"end":{"line":17,"column":30}},"8":{"start":{"line":18,"column":4},"end":{"line":26,"column":5}},"9":{"start":{"line":19,"column":6},"end":{"line":19,"column":22}},"10":{"start":{"line":21,"column":18},"end":{"line":21,"column":27}},"11":{"start":{"line":22,"column":6},"end":{"line":24,"column":7}},"12":{"start":{"line":23,"column":8},"end":{"line":23,"column":26}},"13":{"start":{"line":25,"column":6},"end":{"line":25,"column":23}},"14":{"start":{"line":30,"column":16},"end":{"line":30,"column":17}},"15":{"start":{"line":31,"column":15},"end":{"line":31,"column":24}},"16":{"start":{"line":32,"column":4},"end":{"line":35,"column":5}},"17":{"start":{"line":33,"column":6},"end":{"line":33,"column":14}},"18":{"start":{"line":34,"column":6},"end":{"line":34,"column":23}},"19":{"start":{"line":36,"column":4},"end":{"line":36,"column":17}},"20":{"start":{"line":40,"column":4},"end":{"line":65,"column":5}},"21":{"start":{"line":41,"column":6},"end":{"line":41,"column":23}},"22":{"start":{"line":42,"column":6},"end":{"line":42,"column":13}},"23":{"start":{"line":43,"column":11},"end":{"line":65,"column":5}},"24":{"start":{"line":44,"column":6},"end":{"line":44,"column":28}},"25":{"start":{"line":45,"column":6},"end":{"line":45,"column":13}},"26":{"start":{"line":46,"column":11},"end":{"line":65,"column":5}},"27":{"start":{"line":47,"column":19},"end":{"line":47,"column":34}},"28":{"start":{"line":48,"column":18},"end":{"line":48,"column":27}},"29":{"start":{"line":49,"column":6},"end":{"line":52,"column":7}},"30":{"start":{"line":50,"column":8},"end":{"line":50,"column":27}},"31":{"start":{"line":51,"column":8},"end":{"line":51,"column":16}},"32":{"start":{"line":53,"column":6},"end":{"line":53,"column":35}},"33":{"start":{"line":54,"column":6},"end":{"line":54,"column":13}},"34":{"start":{"line":55,"column":11},"end":{"line":65,"column":5}},"35":{"start":{"line":56,"column":18},"end":{"line":56,"column":41}},"36":{"start":{"line":57,"column":18},"end":{"line":57,"column":27}},"37":{"start":{"line":58,"column":6},"end":{"line":61,"column":7}},"38":{"start":{"line":59,"column":8},"end":{"line":59,"column":27}},"39":{"start":{"line":60,"column":8},"end":{"line":60,"column":16}},"40":{"start":{"line":62,"column":6},"end":{"line":62,"column":35}},"41":{"start":{"line":64,"column":6},"end":{"line":64,"column":13}},"42":{"start":{"line":68,"column":15},"end":{"line":68,"column":30}},"43":{"start":{"line":69,"column":4},"end":{"line":78,"column":5}},"44":{"start":{"line":70,"column":6},"end":{"line":70,"column":23}},"45":{"start":{"line":72,"column":20},"end":{"line":72,"column":29}},"46":{"start":{"line":73,"column":6},"end":{"line":75,"column":7}},"47":{"start":{"line":73,"column":19},"end":{"line":73,"column":20}},"48":{"start":{"line":74,"column":8},"end":{"line":74,"column":31}},"49":{"start":{"line":76,"column":6},"end":{"line":76,"column":31}},"50":{"start":{"line":77,"column":6},"end":{"line":77,"column":26}},"51":{"start":{"line":87,"column":0},"end":{"line":87,"column":27}}},"fnMap":{"0":{"name":"(anonymous_0)","decl":{"start":{"line":4,"column":2},"end":{"line":4,"column":3}},"loc":{"start":{"line":4,"column":16},"end":{"line":6,"column":3}},"line":4},"1":{"name":"(anonymous_1)","decl":{"start":{"line":7,"column":2},"end":{"line":7,"column":3}},"loc":{"start":{"line":7,"column":14},"end":{"line":15,"column":3}},"line":7},"2":{"name":"(anonymous_2)","decl":{"start":{"line":16,"column":2},"end":{"line":16,"column":3}},"loc":{"start":{"line":16,"column":14},"end":{"line":28,"column":3}},"line":16},"3":{"name":"(anonymous_3)","decl":{"start":{"line":29,"column":2},"end":{"line":29,"column":3}},"loc":{"start":{"line":29,"column":9},"end":{"line":37,"column":3}},"line":29},"4":{"name":"(anonymous_4)","decl":{"start":{"line":39,"column":2},"end":{"line":39,"column":3}},"loc":{"start":{"line":39,"column":21},"end":{"line":66,"column":3}},"line":39},"5":{"name":"(anonymous_5)","decl":{"start":{"line":67,"column":2},"end":{"line":67,"column":3}},"loc":{"start":{"line":67,"column":28},"end":{"line":79,"column":3}},"line":67}},"branchMap":{"0":{"loc":{"start":{"line":9,"column":4},"end":{"line":14,"column":5}},"type":"if","locations":[{"start":{"line":9,"column":4},"end":{"line":14,"column":5}},{"start":{"line":11,"column":11},"end":{"line":14,"column":5}}],"line":9},"1":{"loc":{"start":{"line":18,"column":4},"end":{"line":26,"column":5}},"type":"if","locations":[{"start":{"line":18,"column":4},"end":{"line":26,"column":5}},{"start":{"line":20,"column":11},"end":{"line":26,"column":5}}],"line":18},"2":{"loc":{"start":{"line":40,"column":4},"end":{"line":65,"column":5}},"type":"if","locations":[{"start":{"line":40,"column":4},"end":{"line":65,"column":5}},{"start":{"line":43,"column":11},"end":{"line":65,"column":5}}],"line":40},"3":{"loc":{"start":{"line":43,"column":11},"end":{"line":65,"column":5}},"type":"if","locations":[{"start":{"line":43,"column":11},"end":{"line":65,"column":5}},{"start":{"line":46,"column":11},"end":{"line":65,"column":5}}],"line":43},"4":{"loc":{"start":{"line":46,"column":11},"end":{"line":65,"column":5}},"type":"if","locations":[{"start":{"line":46,"column":11},"end":{"line":65,"column":5}},{"start":{"line":55,"column":11},"end":{"line":65,"column":5}}],"line":46},"5":{"loc":{"start":{"line":46,"column":15},"end":{"line":46,"column":55}},"type":"binary-expr","locations":[{"start":{"line":46,"column":15},"end":{"line":46,"column":30}},{"start":{"line":46,"column":34},"end":{"line":46,"column":55}}],"line":46},"6":{"loc":{"start":{"line":55,"column":11},"end":{"line":65,"column":5}},"type":"if","locations":[{"start":{"line":55,"column":11},"end":{"line":65,"column":5}},{"start":{"line":63,"column":11},"end":{"line":65,"column":5}}],"line":55},"7":{"loc":{"start":{"line":55,"column":15},"end":{"line":55,"column":55}},"type":"binary-expr","locations":[{"start":{"line":55,"column":15},"end":{"line":55,"column":30}},{"start":{"line":55,"column":34},"end":{"line":55,"column":55}}],"line":55},"8":{"loc":{"start":{"line":69,"column":4},"end":{"line":78,"column":5}},"type":"if","locations":[{"start":{"line":69,"column":4},"end":{"line":78,"column":5}},{"start":{"line":71,"column":11},"end":{"line":78,"column":5}}],"line":69}},"s":{"0":1,"1":6,"2":6,"3":6,"4":3,"5":3,"6":3,"7":6,"8":6,"9":2,"10":4,"11":4,"12":2,"13":4,"14":7,"15":7,"16":7,"17":21,"18":21,"19":7,"20":1,"21":0,"22":0,"23":1,"24":0,"25":0,"26":1,"27":0,"28":0,"29":0,"30":0,"31":0,"32":0,"33":0,"34":1,"35":1,"36":1,"37":1,"38":0,"39":0,"40":1,"41":0,"42":1,"43":1,"44":0,"45":1,"46":1,"47":1,"48":0,"49":1,"50":1,"51":1},"f":{"0":6,"1":6,"2":6,"3":7,"4":1,"5":1},"b":{"0":[3,3],"1":[2,4],"2":[0,1],"3":[0,1],"4":[0,1],"5":[1,1],"6":[1,0],"7":[1,1],"8":[0,1]},"_coverageSchema":"1a1c01bbd47fc00a2c39e90264f33305004495a9","hash":"da73253f002b65026627f410a3a3e9693cb305df"}
,"/home/awamleh/401/data-Structured/node.js": {"path":"/home/awamleh/401/data-Structured/node.js","statementMap":{"0":{"start":{"line":5,"column":4},"end":{"line":5,"column":23}},"1":{"start":{"line":6,"column":4},"end":{"line":6,"column":21}},"2":{"start":{"line":10,"column":0},"end":{"line":10,"column":21}}},"fnMap":{"0":{"name":"(anonymous_0)","decl":{"start":{"line":4,"column":2},"end":{"line":4,"column":3}},"loc":{"start":{"line":4,"column":34},"end":{"line":7,"column":3}},"line":4}},"branchMap":{"0":{"loc":{"start":{"line":4,"column":21},"end":{"line":4,"column":32}},"type":"default-arg","locations":[{"start":{"line":4,"column":28},"end":{"line":4,"column":32}}],"line":4}},"s":{"0":14,"1":14,"2":2},"f":{"0":14},"b":{"0":[14]},"_coverageSchema":"1a1c01bbd47fc00a2c39e90264f33305004495a9","hash":"51f349283c8b50f2b8c4618d98e026495adf5228"}
}
