TN:
SF:ll.js
FN:4,(anonymous_0)
FN:7,(anonymous_1)
FN:16,(anonymous_2)
FN:28,(anonymous_3)
FN:38,(anonymous_4)
FN:66,(anonymous_5)
FN:84,(anonymous_6)
FN:97,(anonymous_7)
FN:103,(anonymous_8)
FNF:9
FNH:8
FNDA:22,(anonymous_0)
FNDA:12,(anonymous_1)
FNDA:26,(anonymous_2)
FNDA:14,(anonymous_3)
FNDA:2,(anonymous_4)
FNDA:4,(anonymous_5)
FNDA:2,(anonymous_6)
FNDA:0,(anonymous_7)
FNDA:2,(anonymous_8)
DA:2,3
DA:5,22
DA:8,12
DA:9,12
DA:10,6
DA:12,6
DA:13,6
DA:17,26
DA:18,26
DA:19,16
DA:20,16
DA:21,7
DA:23,16
DA:25,10
DA:29,14
DA:30,14
DA:31,14
DA:32,42
DA:33,42
DA:35,14
DA:39,2
DA:40,0
DA:41,0
DA:42,2
DA:43,0
DA:44,0
DA:45,2
DA:46,0
DA:47,0
DA:48,0
DA:49,0
DA:50,0
DA:52,0
DA:53,0
DA:54,2
DA:55,2
DA:56,2
DA:57,2
DA:58,0
DA:59,0
DA:61,2
DA:63,0
DA:67,4
DA:68,4
DA:69,4
DA:70,4
DA:71,1
DA:72,1
DA:74,4
DA:75,4
DA:76,0
DA:78,4
DA:79,4
DA:81,0
DA:85,2
DA:86,2
DA:87,0
DA:89,2
DA:90,2
DA:91,0
DA:93,2
DA:94,2
DA:98,0
DA:99,0
DA:100,0
DA:104,2
DA:105,2
DA:106,2
DA:108,0
DA:117,3
LF:70
LH:48
BRDA:9,0,0,6
BRDA:9,0,1,6
BRDA:18,1,0,16
BRDA:18,1,1,10
BRDA:39,2,0,0
BRDA:39,2,1,2
BRDA:42,3,0,0
BRDA:42,3,1,2
BRDA:45,4,0,0
BRDA:45,4,1,2
BRDA:45,5,0,2
BRDA:45,5,1,2
BRDA:54,6,0,2
BRDA:54,6,1,0
BRDA:54,7,0,2
BRDA:54,7,1,2
BRDA:67,8,0,4
BRDA:67,8,1,0
BRDA:86,9,0,0
BRDA:86,9,1,2
BRDA:104,10,0,2
BRDA:104,10,1,0
BRF:22
BRH:15
end_of_record
TN:
SF:node.js
FN:4,(anonymous_0)
FNF:1
FNH:1
FNDA:41,(anonymous_0)
DA:5,41
DA:6,41
DA:10,4
LF:3
LH:3
BRDA:4,0,0,41
BRF:1
BRH:1
end_of_record
TN:
SF:Stack/stack.js
FN:3,(anonymous_0)
FN:7,(anonymous_1)
FN:10,(anonymous_2)
FN:17,(anonymous_3)
FN:24,(anonymous_4)
FNF:5
FNH:5
FNDA:5,(anonymous_0)
FNDA:5,(anonymous_1)
FNDA:2,(anonymous_2)
FNDA:1,(anonymous_3)
FNDA:1,(anonymous_4)
DA:1,1
DA:4,5
DA:5,5
DA:8,5
DA:11,2
DA:12,2
DA:14,0
DA:18,1
DA:19,1
DA:21,0
DA:25,1
DA:26,0
DA:28,1
DA:33,1
LF:14
LH:11
BRDA:11,0,0,2
BRDA:11,0,1,0
BRDA:18,1,0,1
BRDA:18,1,1,0
BRDA:25,2,0,0
BRDA:25,2,1,1
BRF:6
BRH:3
end_of_record
TN:
SF:queue/queue.js
FN:7,(anonymous_0)
FN:11,(anonymous_1)
FN:15,(anonymous_2)
FN:18,(anonymous_3)
FN:25,(anonymous_4)
FNF:5
FNH:5
FNDA:5,(anonymous_0)
FNDA:9,(anonymous_1)
FNDA:2,(anonymous_2)
FNDA:1,(anonymous_3)
FNDA:1,(anonymous_4)
DA:3,1
DA:8,5
DA:9,5
DA:12,9
DA:13,9
DA:16,2
DA:19,1
DA:20,1
DA:22,0
DA:26,1
DA:27,0
DA:29,1
DA:36,1
LF:13
LH:11
BRDA:19,0,0,1
BRDA:19,0,1,0
BRDA:26,1,0,0
BRDA:26,1,1,1
BRF:4
BRH:2
end_of_record
