TN:
SF:ll.js
FN:4,(anonymous_0)
FN:7,(anonymous_1)
FN:16,(anonymous_2)
FN:29,(anonymous_3)
FN:39,(anonymous_4)
FN:67,(anonymous_5)
FNF:6
FNH:6
FNDA:6,(anonymous_0)
FNDA:6,(anonymous_1)
FNDA:6,(anonymous_2)
FNDA:7,(anonymous_3)
FNDA:1,(anonymous_4)
FNDA:1,(anonymous_5)
DA:2,1
DA:5,6
DA:8,6
DA:9,6
DA:10,3
DA:12,3
DA:13,3
DA:17,6
DA:18,6
DA:19,2
DA:21,4
DA:22,4
DA:23,2
DA:25,4
DA:30,7
DA:31,7
DA:32,7
DA:33,21
DA:34,21
DA:36,7
DA:40,1
DA:41,0
DA:42,0
DA:43,1
DA:44,0
DA:45,0
DA:46,1
DA:47,0
DA:48,0
DA:49,0
DA:50,0
DA:51,0
DA:53,0
DA:54,0
DA:55,1
DA:56,1
DA:57,1
DA:58,1
DA:59,0
DA:60,0
DA:62,1
DA:64,0
DA:68,1
DA:69,1
DA:70,0
DA:72,1
DA:73,1
DA:74,0
DA:76,1
DA:77,1
DA:87,1
LF:51
LH:35
BRDA:9,0,0,3
BRDA:9,0,1,3
BRDA:18,1,0,2
BRDA:18,1,1,4
BRDA:40,2,0,0
BRDA:40,2,1,1
BRDA:43,3,0,0
BRDA:43,3,1,1
BRDA:46,4,0,0
BRDA:46,4,1,1
BRDA:46,5,0,1
BRDA:46,5,1,1
BRDA:55,6,0,1
BRDA:55,6,1,0
BRDA:55,7,0,1
BRDA:55,7,1,1
BRDA:69,8,0,0
BRDA:69,8,1,1
BRF:18
BRH:13
end_of_record
TN:
SF:node.js
FN:4,(anonymous_0)
FNF:1
FNH:1
FNDA:14,(anonymous_0)
DA:5,14
DA:6,14
DA:10,2
LF:3
LH:3
BRDA:4,0,0,14
BRF:1
BRH:1
end_of_record
